C51 COMPILER V9.02   MAIN                                                                  05/20/2018 20:37:01 PAGE 1   


C51 COMPILER V9.02, COMPILATION OF MODULE MAIN
OBJECT MODULE PLACED IN main.OBJ
COMPILER INVOKED BY: E:\Keil\C51\BIN\C51.EXE main.c BROWSE DEBUG OBJECTEXTEND

line level    source

   1          #include <reg52.h>
   2          #define uint8 unsigned char
   3          #define uint16 unsigned short int
   4          
   5          
   6          //数码管段码显示：0~f,不亮
   7          uint8 code LED_Disp[] = {0xC0,0xF9,0xA4,0xB0,    //这一组编码当中不包含小数点
   8                                  0x99,0x92,0x82,0xF8,
   9                                                          0x80,0x90};                     //十个分别显示 0 1 2 3 4 5 6 7 8 9 
  10          uint8 code LED_Disp1[] = {0x40,0x79,0x24,0x30,    //这一个数组的编码中包含小数点
  11                                  0x19,0x12,0x02,0x78,
  12                                                          0x00,0x10};                     //十个分别显示 0 1 2 3 4 5 6 7 8 9 
  13          
  14          
  15          int minute  = 0;
  16          int second = 0;
  17          void mDelay(uint16 mtime)
  18          {
  19   1              for(; mtime > 0; mtime--)
  20   1              {
  21   2                      uint8 j = 244;
  22   2                      while(--j);
  23   2                      
  24   2              }       
  25   1      } 
  26          void LED_Disp_Seg7()
  27          {
  28   1        
  29   1              
  30   1              int minute_1;
  31   1              int minute_2;
  32   1              int second_1;
  33   1              int second_2 ;
  34   1               
  35   1        
  36   1      
  37   1      
  38   1              if(second == 60)
  39   1              {
  40   2                      minute++;
  41   2                      second = 0;
  42   2      
  43   2      
  44   2              } 
  45   1              if(minute == 60)
  46   1              {
  47   2                      minute = 0;
  48   2              }
  49   1               minute_1 = minute/10;
  50   1               minute_2 = minute%10;
  51   1               second_1 = second/10;
  52   1               second_2 = second%10;
  53   1               P2 = 0x7f;
  54   1           P0 = LED_Disp[second_2];
  55   1           mDelay(5);
C51 COMPILER V9.02   MAIN                                                                  05/20/2018 20:37:01 PAGE 2   

  56   1              
  57   1      
  58   1      
  59   1      
  60   1      
  61   1           P2 = 0xbf;
  62   1           P0 = LED_Disp[second_1];
  63   1           mDelay(5);
  64   1               
  65   1      
  66   1      
  67   1      
  68   1      
  69   1           P2 = 0xdf;
  70   1           P0 = LED_Disp1[minute_2];
  71   1           mDelay(5);
  72   1       
  73   1      
  74   1      
  75   1      
  76   1      
  77   1           P2 = 0xef;
  78   1           P0 = LED_Disp[minute_1];     
  79   1           mDelay(5); 
  80   1      
  81   1      
  82   1              
  83   1              
  84   1        
  85   1      }
  86          void timeDelay(unsigned int  time)
  87          {
  88   1              while(time--)
  89   1              {
  90   2                              LED_Disp_Seg7();
  91   2              }
  92   1      }               
  93          
  94          
  95          
  96          
  97           
  98          void main()
  99          {
 100   1              while(1)
 101   1              {  
 102   2                      timeDelay(80);
 103   2                        second++;
 104   2              }                                
 105   1      }


MODULE INFORMATION:   STATIC OVERLAYABLE
   CODE SIZE        =    232    ----
   CONSTANT SIZE    =     20    ----
   XDATA SIZE       =   ----    ----
   PDATA SIZE       =   ----    ----
   DATA SIZE        =      4       7
   IDATA SIZE       =   ----    ----
   BIT SIZE         =   ----    ----
END OF MODULE INFORMATION.


C51 COMPILATION COMPLETE.  0 WARNING(S),  0 ERROR(S)
