C51 COMPILER V9.02   MAIN                                                                  01/20/2019 19:47:11 PAGE 1   


C51 COMPILER V9.02, COMPILATION OF MODULE MAIN
OBJECT MODULE PLACED IN main.OBJ
COMPILER INVOKED BY: D:\SoftWare\keil\C51\BIN\C51.EXE main.c BROWSE DEBUG OBJECTEXTEND

line level    source

   1          /*********************************************************************************************************
             -**/
   2          //HC-SR04 超声波测距模块 串口 程序
   3          //晶振：11.0592
   4          //接线：模块TRIG接 P1.2  ECH0 接P1.1
   5          //串口波特率9600
   6          //Atmel AT89C52 C51
   7          /*********************************************************************************************************
             -**/
   8          #include   <AT89X51.H>
   9          #include   <intrins.h>
  10          #include   <STDIO.H>
  11          
  12          #define uchar unsigned  char
  13          #define uint  unsigned   int
  14          #define  RX  P1_1
  15          #define  TX  P1_2
  16          
  17          
  18          unsigned int  time=0;                                                                              
  19          unsigned int  timer=0;
  20          float         S=0;
  21          bit           flag =0;
  22          
  23          
  24          /********************************************************/
  25          void Conut(void) {
  26   1          time=TH0*256+TL0;
  27   1          TH0=0;
  28   1          TL0=0;
  29   1          S=(time*1.87)/100;     //算出来是CM
  30   1          if(flag==1) {           //超出测量
  31   2              flag=0;
  32   2              printf("-----\n");
  33   2          }
  34   1      
  35   1          printf("S=%fcm\n",S);
  36   1      }
  37          /********************************************************/
  38          void delayms(unsigned int ms) {
  39   1          unsigned char i=100,j;
  40   1          for(; ms; ms--) {
  41   2              while(--i) {
  42   3                  j=10;
  43   3                  while(--j);
  44   3              }
  45   2          }
  46   1      }
  47          /********************************************************/
  48          void zd0() interrupt 1 {         //T0中断用来计数器溢出,超过测距范围
  49   1          flag=1;                                                      //中断溢出标志
  50   1      }
  51          /********************************************************/
  52          void  StartModule() {            //T1中断用来扫描数码管和计800MS启动模块
  53   1          TX=1;                                        //800MS  启动一次模块
C51 COMPILER V9.02   MAIN                                                                  01/20/2019 19:47:11 PAGE 2   

  54   1          _nop_();
  55   1          _nop_();
  56   1          _nop_();
  57   1          _nop_();
  58   1          _nop_();
  59   1          _nop_();
  60   1          _nop_();
  61   1          _nop_();
  62   1          _nop_();
  63   1          _nop_();
  64   1          _nop_();
  65   1          _nop_();
  66   1          _nop_();
  67   1          _nop_();
  68   1          _nop_();
  69   1          _nop_();
  70   1          _nop_();
  71   1          _nop_();
  72   1          _nop_();
  73   1          _nop_();
  74   1          _nop_();
  75   1          TX=0;
  76   1      }
  77          /********************************************************/
  78          void main(void) {
  79   1          TMOD=0x21;             //设T0为方式1，GATE=1；
  80   1          SCON=0x50;
  81   1          TH1=0xFD;
  82   1          TL1=0xFD;
  83   1          TH0=0;
  84   1          TL0=0;
  85   1          TR0=1;
  86   1          ET0=1;             //允许T0中断
  87   1          TR1=1;                         //开启定时器
  88   1          TI=1;
  89   1      
  90   1          EA=1;                          //开启总中断
  91   1      
  92   1      
  93   1          while(1) {
  94   2              StartModule();
  95   2              while(!RX);             //当RX为零时等待
  96   2              TR0=1;                      //开启计数
  97   2              while(RX);                      //当RX为1计数并等待
  98   2              TR0=0;                          //关闭计数
  99   2              Conut();                        //计算
 100   2              delayms(100);           //100MS
 101   2      
 102   2          }
 103   1      
 104   1      }


MODULE INFORMATION:   STATIC OVERLAYABLE
   CODE SIZE        =    199    ----
   CONSTANT SIZE    =     15    ----
   XDATA SIZE       =   ----    ----
   PDATA SIZE       =   ----    ----
   DATA SIZE        =      8    ----
   IDATA SIZE       =   ----    ----
   BIT SIZE         =      1    ----
END OF MODULE INFORMATION.

C51 COMPILER V9.02   MAIN                                                                  01/20/2019 19:47:11 PAGE 3   


C51 COMPILATION COMPLETE.  0 WARNING(S),  0 ERROR(S)
