C51 COMPILER V9.02   MAIN                                                                  05/13/2018 21:08:00 PAGE 1   


C51 COMPILER V9.02, COMPILATION OF MODULE MAIN
OBJECT MODULE PLACED IN main.OBJ
COMPILER INVOKED BY: E:\Keil\C51\BIN\C51.EXE main.c BROWSE DEBUG OBJECTEXTEND

line level    source

   1          #include <reg52.h>
   2          #define uint8 unsigned char
   3          #define uint16 unsigned short int
   4          
   5          
   6          //数码管段码显示：0~f,不亮
   7          uint8 code LED_Disp[] = {0xC0,0xF9,0xA4,0x30,
   8                                  0x99,0x92,0x82,0xF8,
   9                                                          0x80,0x90,0x88,0x83,
  10                                                          0xC6,0xA1,0x86,0x8E};                   //前十个分别显示 0 1 2 3. 4 5 6 7 8 9 A B C D E F
  11          
  12          //sfr LedPort = 0x80;    //P0
  13          //sfr LedCtrl = 0xa0;    //P2
  14           
  15          uint8 DisBuff[4];
  16          
  17          uint8 Txd_data = 41;
  18          uint8 Rxd_data = 31;
  19           
  20           
  21          
  22          void mDelay(uint16 mtime)
  23          {
  24   1              for(; mtime > 0; mtime--)
  25   1              {
  26   2                      uint8 j = 244;                                                                                                  
  27   2                      while(--j);
  28   2              }       
  29   1      }
  30          
  31          void LED_Disp_Seg7()                                                                                            
  32          {                                                                                                                                       
  33   1       
  34   1         DisBuff[0]   = Txd_data%10;//取个位数                                                        
  35   1         DisBuff[1]   = Txd_data%100/10; //取十位数
  36   1         DisBuff[2]   = Rxd_data%10;     //百位数
  37   1         DisBuff[3]   = Rxd_data%100/10; //千位数             
  38   1      
  39   1        
  40   1      
  41   1         P2 = 0x7f; //LedCtrl = 0x7f;
  42   1         P0 = LED_Disp[DisBuff[0]]; //LedPort = LED_Disp[DisBuff[0]];
  43   1         mDelay(5);
  44   1       
  45   1         P2 = 0xbf; //LedCtrl = 0xbf;
  46   1         P0 = LED_Disp[DisBuff[1]]; //LedPort = LED_Disp[DisBuff[1]];
  47   1         mDelay(5);
  48   1       
  49   1         P2 = 0xdf; //LedCtrl = 0xdf;
  50   1         P0 = LED_Disp[DisBuff[2]]; //LedPort = LED_Disp[DisBuff[2]];
  51   1         mDelay(5);
  52   1       
  53   1         P2 = 0xef; //LedCtrl = 0xef;
  54   1         P0 = LED_Disp[DisBuff[3]]; //LedPort = LED_Disp[DisBuff[3]];
  55   1         mDelay(5);
C51 COMPILER V9.02   MAIN                                                                  05/13/2018 21:08:00 PAGE 2   

  56   1      }
  57                                     
  58          void main()
  59          {
  60   1              while(1)
  61   1              {
  62   2                       LED_Disp_Seg7();
  63   2              }       
  64   1      }
  65           


MODULE INFORMATION:   STATIC OVERLAYABLE
   CODE SIZE        =    123    ----
   CONSTANT SIZE    =     16    ----
   XDATA SIZE       =   ----    ----
   PDATA SIZE       =   ----    ----
   DATA SIZE        =      6       1
   IDATA SIZE       =   ----    ----
   BIT SIZE         =   ----    ----
END OF MODULE INFORMATION.


C51 COMPILATION COMPLETE.  0 WARNING(S),  0 ERROR(S)
