C51 COMPILER V9.02   MAIN                                                                  11/22/2018 22:58:56 PAGE 1   


C51 COMPILER V9.02, COMPILATION OF MODULE MAIN
OBJECT MODULE PLACED IN main.OBJ
COMPILER INVOKED BY: D:\SoftWare\keil\C51\BIN\C51.EXE main.c BROWSE DEBUG OBJECTEXTEND

line level    source

   1          //****************************************************************//
   2          //单片机 AT89S52 或 STC89C52RC
   3          //功能   串口发送温湿度数据 晶振 11.0592M 波特率 9600
   4          //硬件   sbit TXP口为通讯口连接DHT11,DHT11的电源和地连接单片机的电源和地，单片机串口加MAX232连接电脑
   5          //****************************************************************//
   6          #include   <STDIO.H>
   7          #include <reg51.h>
   8          #include <intrins.h>
   9          //
  10          typedef unsigned char  U8;       /* defined for unsigned 8-bits integer variable          无符号8位整型变量  */
  11          typedef signed   char  S8;       /* defined for signed 8-bits integer variable            有符号8位整型变量  */
  12          typedef unsigned int   U16;      /* defined for unsigned 16-bits integer variable         无符号16位整型变量 */
  13          typedef signed   int   S16;      /* defined for signed 16-bits integer variable           有符号16位整型变量 */
  14          typedef unsigned long  U32;      /* defined for unsigned 32-bits integer variable         无符号32位整型变量 */
  15          typedef signed   long  S32;      /* defined for signed 32-bits integer variable           有符号32位整型变量 */
  16          typedef float          F32;      /* single precision floating point variable (32bits) 单精度浮点数（32位长
             -度） */
  17          typedef double         F64;      /* double precision floating point variable (64bits) 双精度浮点数（64位长
             -度） */
  18          //
  19          #define uchar unsigned char
  20          #define uint unsigned int
  21          #define   Data_0_time    4
  22          
  23          //----------------------------------------------//
  24          //----------------IO口定义区--------------------//
  25          //----------------------------------------------//
  26          sbit  TXP  = P2^0 ;
  27          
  28          //----------------------------------------------//
  29          //----------------定义区--------------------//
  30          //----------------------------------------------//
  31          U8  U8FLAG,k;
  32          U8  U8count,U8temp;
  33          U8  U8T_data_H,U8T_data_L,U8RH_data_H,U8RH_data_L,U8checkdata;
  34          U8  U8T_data_H_temp,U8T_data_L_temp,U8RH_data_H_temp,U8RH_data_L_temp,U8checkdata_temp;
  35          U8  U8comdata;
  36          U8  outdata[5];  //定义发送的字节数
  37          U8  indata[5];
  38          U8  count, count_r=0;
  39          U8  str[5]= {"RS232"};
  40          U16 U16temp1,U16temp2;
  41          void SendData(U8 *a) {
  42   1          outdata[0] = a[0];
  43   1          outdata[1] = a[1];
  44   1          outdata[2] = a[2];
  45   1          outdata[3] = a[3];
  46   1          outdata[4] = a[4];
  47   1          count = 1;
  48   1          SBUF=outdata[0];
  49   1      }
  50          
  51          void Delay(U16 j) {
  52   1          U8 i;
  53   1          for(; j>0; j--) {
C51 COMPILER V9.02   MAIN                                                                  11/22/2018 22:58:56 PAGE 2   

  54   2              for(i=0; i<27; i++);
  55   2      
  56   2          }
  57   1      }
  58          void  Delay_10us(void) {
  59   1          U8 i;
  60   1          i--;
  61   1          i--;
  62   1          i--;
  63   1          i--;
  64   1          i--;
  65   1          i--;
  66   1      }
  67          
  68          void  COM(void) {
  69   1      
  70   1          U8 i;
  71   1      
  72   1          for(i=0; i<8; i++) {
  73   2      
  74   2              U8FLAG=2;
  75   2              while((!TXP)&&U8FLAG++);
  76   2              Delay_10us();
  77   2              Delay_10us();
  78   2              Delay_10us();
  79   2              U8temp=0;
  80   2              if(TXP)
  81   2                  U8temp=1;
  82   2              U8FLAG=2;
  83   2              while((TXP)&&U8FLAG++);
  84   2              //超时则跳出for循环
  85   2              if(U8FLAG==1)
  86   2                  break;
  87   2              //判断数据位是0还是1
  88   2      
  89   2              // 如果高电平高过预定0高电平值则数据位为 1
  90   2      
  91   2              U8comdata<<=1;
  92   2              U8comdata|=U8temp;        //0
  93   2          }//rof
  94   1      
  95   1      }
  96          
  97          //--------------------------------
  98          //-----湿度读取子程序 ------------
  99          //--------------------------------
 100          //----以下变量均为全局变量--------
 101          //----温度高8位== U8T_data_H------
 102          //----温度低8位== U8T_data_L------
 103          //----湿度高8位== U8RH_data_H-----
 104          //----湿度低8位== U8RH_data_L-----
 105          //----校验 8位 == U8checkdata-----
 106          //----调用相关子程序如下----------
 107          //---- Delay();, Delay_10us();,COM();
 108          //--------------------------------
 109          
 110          void RH(void) {
 111   1          //主机拉低18ms
 112   1          TXP=0;
 113   1          Delay(180);
 114   1          TXP=1;
 115   1          //总线由上拉电阻拉高 主机延时20us
C51 COMPILER V9.02   MAIN                                                                  11/22/2018 22:58:56 PAGE 3   

 116   1          Delay_10us();
 117   1          Delay_10us();
 118   1          Delay_10us();
 119   1          Delay_10us();
 120   1          //主机设为输入 判断从机响应信号
 121   1          TXP=1;
 122   1          //判断从机是否有低电平响应信号 如不响应则跳出，响应则向下运行
 123   1          if(!TXP) {   //T !
 124   2              U8FLAG=2;
 125   2              //判断从机是否发出 80us 的低电平响应信号是否结束
 126   2              while((!TXP)&&U8FLAG++);
 127   2              U8FLAG=2;
 128   2              //判断从机是否发出 80us 的高电平，如发出则进入数据接收状态
 129   2              while((TXP)&&U8FLAG++);
 130   2              //数据接收状态
 131   2              COM();
 132   2              U8RH_data_H_temp=U8comdata;
 133   2              COM();
 134   2              U8RH_data_L_temp=U8comdata;
 135   2              COM();
 136   2              U8T_data_H_temp=U8comdata;
 137   2              COM();
 138   2              U8T_data_L_temp=U8comdata;
 139   2              COM();
 140   2              U8checkdata_temp=U8comdata;
 141   2              TXP=1;
 142   2              //数据校验
 143   2      
 144   2              U8temp=(U8T_data_H_temp+U8T_data_L_temp+U8RH_data_H_temp+U8RH_data_L_temp);
 145   2              if(U8temp==U8checkdata_temp) {
 146   3                  U8RH_data_H=U8RH_data_H_temp;
 147   3                  U8RH_data_L=U8RH_data_L_temp;
 148   3                  U8T_data_H=U8T_data_H_temp;
 149   3                  U8T_data_L=U8T_data_L_temp;
 150   3                  U8checkdata=U8checkdata_temp;
 151   3              }//fi
 152   2          }//fi
 153   1      
 154   1      }
 155          
 156          //----------------------------------------------
 157          //main()功能描述:  AT89C51  11.0592MHz  串口发
 158          //送温湿度数据,波特率 9600
 159          //----------------------------------------------
 160          void main() {
 161   1          U8  i=0,j=0;
 162   1      
 163   1          //uchar str[6]={"RS232"};
 164   1          /* 系统初始化 */
 165   1          TMOD = 0x20;          //定时器T1使用工作方式2
 166   1          TH1 = 253;        // 设置初值
 167   1          TL1 = 253;
 168   1          TR1 = 1;          // 开始计时
 169   1          SCON = 0x50;          //工作方式1，波特率9600bps，允许接收
 170   1          ES = 1;
 171   1          EA = 1;           // 打开所以中断
 172   1          TI = 0;
 173   1          RI = 0;
 174   1          SendData(str) ;   //发送到串口
 175   1          //Delay(1);         //延时100US（12M晶振)
 176   1          while(1) {
 177   2      
C51 COMPILER V9.02   MAIN                                                                  11/22/2018 22:58:56 PAGE 4   

 178   2              //------------------------
 179   2              //调用温湿度读取子程序
 180   2              RH();
 181   2              //串口显示程序
 182   2              //--------------------------
 183   2      
 184   2              str[0]=U8RH_data_H;
 185   2              str[1]=U8RH_data_L;
 186   2              str[2]=U8T_data_H;
 187   2              str[3]=U8T_data_L;
 188   2              str[4]=U8checkdata;
 189   2              SendData(str) ;  //发送到串口
 190   2              //读取模块数据周期不易小于 2S
 191   2              Delay(20000);
 192   2          }//elihw
 193   1      
 194   1      }// main
 195          
 196          void RSINTR() interrupt 4 using 2 {
 197   1          U8 InPut3;
 198   1          if(TI==1) { //发送中断
 199   2              TI=0;
 200   2              if(count!=5) { //发送完5位数据
 201   3                  SBUF= outdata[count];
 202   3                  count++;
 203   3              }
 204   2          }
 205   1      
 206   1          if(RI==1) { //接收中断
 207   2              InPut3=SBUF;
 208   2              indata[count_r]=InPut3;
 209   2              count_r++;
 210   2              RI=0;
 211   2              if (count_r==5) { //接收完4位数据
 212   3                  //数据接收完毕处理。
 213   3                  count_r=0;
 214   3                  str[0]=indata[0];
 215   3                  str[1]=indata[1];
 216   3                  str[2]=indata[2];
 217   3                  str[3]=indata[3];
 218   3                  str[4]=indata[4];
 219   3                  P0=0;
 220   3              }
 221   2          }
 222   1      }
 223          


MODULE INFORMATION:   STATIC OVERLAYABLE
   CODE SIZE        =    408    ----
   CONSTANT SIZE    =   ----    ----
   XDATA SIZE       =   ----    ----
   PDATA SIZE       =   ----    ----
   DATA SIZE        =     36       3
   IDATA SIZE       =   ----    ----
   BIT SIZE         =   ----    ----
END OF MODULE INFORMATION.


C51 COMPILATION COMPLETE.  0 WARNING(S),  0 ERROR(S)
