C51 COMPILER V9.02   MAIN                                                                  05/14/2018 09:10:05 PAGE 1   


C51 COMPILER V9.02, COMPILATION OF MODULE MAIN
OBJECT MODULE PLACED IN main.OBJ
COMPILER INVOKED BY: E:\Keil\C51\BIN\C51.EXE main.c BROWSE DEBUG OBJECTEXTEND

line level    source

   1          #include "REG52.h"
   2          
   3          sbit led0=P2^0;
   4          sbit led1=P2^1;
   5          sbit led2=P2^2;
   6          sbit led3=P2^3;
   7          
   8          
   9          
  10          
  11          void Delay(unsigned int);       //延时函数
  12          
  13          void main(void)
  14          {
  15   1              while(1)
  16   1              {
  17   2                              led0=0;
  18   2                              Delay(60000);
  19   2                          led0=1;
  20   2                          Delay(60000);
  21   2                              led1=0;
  22   2                              Delay(60000);
  23   2                          led1=1;
  24   2                          Delay(60000);
  25   2                              led2=0;
  26   2                              Delay(60000);
  27   2                          led2=1;
  28   2                          Delay(60000);
  29   2                              led3=0;
  30   2                              Delay(60000);
  31   2                          led3=1;
  32   2                          Delay(60000);
  33   2              }
  34   1      }
  35          
  36          
  37          //延时函数
  38          void Delay(unsigned int m)
  39          {
  40   1              while(m--);
  41   1      }
  42          


MODULE INFORMATION:   STATIC OVERLAYABLE
   CODE SIZE        =     57    ----
   CONSTANT SIZE    =   ----    ----
   XDATA SIZE       =   ----    ----
   PDATA SIZE       =   ----    ----
   DATA SIZE        =   ----    ----
   IDATA SIZE       =   ----    ----
   BIT SIZE         =   ----    ----
END OF MODULE INFORMATION.


C51 COMPILATION COMPLETE.  0 WARNING(S),  0 ERROR(S)
