C51 COMPILER V9.02   MAIN                                                                  05/20/2018 20:35:06 PAGE 1   


C51 COMPILER V9.02, COMPILATION OF MODULE MAIN
OBJECT MODULE PLACED IN main.OBJ
COMPILER INVOKED BY: E:\Keil\C51\BIN\C51.EXE main.c BROWSE DEBUG OBJECTEXTEND

line level    source

   1          #include <reg52.h>  
   2          #define uint8 unsigned char  
   3          #define uint16 unsigned short int  
   4            
   5          //数码管段码显示：0~f,不亮  
   6          uint8 code LED_Disp[] = {0xC0,0xF9,0xA4,0xB0,    //这一组编码当中不包含小数点  
   7                                  0x99,0x92,0x82,0xF8,  
   8                                  0x80,0x90};         //十个分别显示 0 1 2 3 4 5 6 7 8 9  
   9          uint8 code LED_Disp1[] = {0x40,0x79,0x24,0x30,    //这一个数组的编码中包含小数点  
  10                                  0x19,0x12,0x02,0x78,  
  11                                  0x00,0x10};         //十个分别显示 0 1 2 3 4 5 6 7 8 9  
  12            
  13          unsigned int counter = 0;  
  14          void mDelay(uint16 mtime)  
  15          {  
  16   1          for(; mtime > 0; mtime--)  
  17   1          {  
  18   2              uint8 j = 244;  
  19   2              while(--j);  
  20   2        
  21   2          }  
  22   1      }  
  23          void LED_Disp_Seg7()  
  24          {  
  25   1        
  26   1          int a[4];  
  27   1          int j, k;  
  28   1          j = counter%60;  
  29   1          k = counter/60;  
  30   1          a[3] = j%10;  
  31   1          a[2] = j/10;  
  32   1          a[1] = k%10;  
  33   1          a[0] = k/10;  
  34   1          P2 = 0xef;  
  35   1          P0 = LED_Disp[a[0]];  
  36   1          mDelay(5);  
  37   1          P2 = 0xdf;  
  38   1          P0 = LED_Disp1[a[1]];  
  39   1          mDelay(5);  
  40   1          P2 = 0xbf;  
  41   1          P0 = LED_Disp[a[2]];  
  42   1          mDelay(5);  
  43   1          P2 = 0x7f;  
  44   1          P0 = LED_Disp[a[3]];  
  45   1          mDelay(5);  
  46   1        
  47   1        
  48   1        
  49   1      }  
  50          void timeDelay(unsigned int  time)  
  51          {  
  52   1          while(time--)  
  53   1          {  
  54   2                  LED_Disp_Seg7();  
  55   2          }  
C51 COMPILER V9.02   MAIN                                                                  05/20/2018 20:35:06 PAGE 2   

  56   1      }  
  57            
  58            
  59            
  60          void main()  
  61          {  
  62   1          while(1)  
  63   1          {  
  64   2              timeDelay(100);  
  65   2              counter++;  
  66   2          }  
  67   1      }  


MODULE INFORMATION:   STATIC OVERLAYABLE
   CODE SIZE        =    237    ----
   CONSTANT SIZE    =     20    ----
   XDATA SIZE       =   ----    ----
   PDATA SIZE       =   ----    ----
   DATA SIZE        =      2      11
   IDATA SIZE       =   ----    ----
   BIT SIZE         =   ----    ----
END OF MODULE INFORMATION.


C51 COMPILATION COMPLETE.  0 WARNING(S),  0 ERROR(S)
