C51 COMPILER V9.02   MAIN                                                                  11/22/2018 14:19:49 PAGE 1   


C51 COMPILER V9.02, COMPILATION OF MODULE MAIN
OBJECT MODULE PLACED IN main.OBJ
COMPILER INVOKED BY: D:\SoftWare\keil\C51\BIN\C51.EXE main.c BROWSE DEBUG OBJECTEXTEND

line level    source

   1          /*
   2          *         秒表
   3          */
   4          #include<reg52.h>
   5          #define uchar unsigned char
   6          uchar counter=0,tmp,second=0,minute=0, change = 1;
   7          int led[]= {0xc0, 0xf9, 0xa4, 0xb0, 0x99, 0x92, 0x82, 0xf8, 0x80, 0x90}; //数字0-9
   8          int _led[]= {0x40, 0x79, 0x24, 0x30, 0x19, 0x12, 0x02, 0x78, 0x00, 0x10};
   9          void main() {
  10   1          //设置TMOD寄存器
  11   1          TMOD=0X01;                                                  //设置TMOD寄存器
  12   1          TH0=(65536-5000)/256;                          //装初值
  13   1          TL0=(65536-5000)%256;
  14   1          EA=1;               //开 中断
  15   1          ET0=1;
  16   1          TR0=1;
  17   1          while(1) {
  18   2      
  19   2              tmp=counter%4;
  20   2              switch(tmp) {
  21   3              case 0:
  22   3                  P2 = 0x7f;
  23   3                  P0 = led[second%10];
  24   3                  break;
  25   3              case 1:
  26   3                  P2 = 0xbf;
  27   3                  P0 = led[second/10];
  28   3                  break;
  29   3              case 2:
  30   3                  P2 = 0xdf;
  31   3                  P0 = _led[minute%10];
  32   3                  break;
  33   3              case 3:
  34   3                  P2 = 0xef;
  35   3                  P0 = led[minute/10];
  36   3                  break;
  37   3      
  38   3              }
  39   2      
  40   2          }
  41   1      }
  42          void zhongduan()interrupt 1 {
  43   1          TH0=(65536-5000)/256;                          //装初值
  44   1          TL0=(65536-5000)%256;
  45   1          TF0=0;
  46   1          TR0=1;
  47   1          counter++;
  48   1          if(counter==200) {
  49   2              counter=0;
  50   2              second++;
  51   2              if(second==60) {
  52   3                  second=0;
  53   3                  minute++;
  54   3              }
  55   2          }
C51 COMPILER V9.02   MAIN                                                                  11/22/2018 14:19:49 PAGE 2   

  56   1          change = 1;
  57   1      }


MODULE INFORMATION:   STATIC OVERLAYABLE
   CODE SIZE        =    148    ----
   CONSTANT SIZE    =   ----    ----
   XDATA SIZE       =   ----    ----
   PDATA SIZE       =   ----    ----
   DATA SIZE        =     45    ----
   IDATA SIZE       =   ----    ----
   BIT SIZE         =   ----    ----
END OF MODULE INFORMATION.


C51 COMPILATION COMPLETE.  0 WARNING(S),  0 ERROR(S)
